#! /usr/bin/vvp
:ivl_version "10.3 (stable)";
:ivl_delay_selection "TYPICAL";
:vpi_time_precision + 0;
:vpi_module "system";
:vpi_module "vhdl_sys";
:vpi_module "v2005_math";
:vpi_module "va_math";
S_0x7fffb90a7030 .scope module, "test" "test" 2 1;
 .timescale 0 0;
v0x7fffb90f0c90_0 .var "a", 0 0;
v0x7fffb90f0d50_0 .var "b", 0 0;
v0x7fffb90f0e20_0 .var/i "i", 31 0;
v0x7fffb90f0ef0_0 .net "out", 0 0, L_0x7fffb90f1370;  1 drivers
v0x7fffb90f0fc0_0 .var "sel", 0 0;
S_0x7fffb90a71b0 .scope module, "s2" "selector2" 2 6, 3 1 0, S_0x7fffb90a7030;
 .timescale 0 0;
    .port_info 0 /INPUT 1 "a"
    .port_info 1 /INPUT 1 "b"
    .port_info 2 /INPUT 1 "s"
    .port_info 3 /OUTPUT 1 "out"
L_0x7fffb90f10b0 .functor NOT 1, v0x7fffb90f0fc0_0, C4<0>, C4<0>, C4<0>;
L_0x7fffb90f11a0 .functor AND 1, v0x7fffb90f0c90_0, L_0x7fffb90f10b0, C4<1>, C4<1>;
L_0x7fffb90f12b0 .functor AND 1, v0x7fffb90f0d50_0, v0x7fffb90f0fc0_0, C4<1>, C4<1>;
L_0x7fffb90f1370 .functor OR 1, L_0x7fffb90f11a0, L_0x7fffb90f12b0, C4<0>, C4<0>;
v0x7fffb90a73a0_0 .net *"_s0", 0 0, L_0x7fffb90f10b0;  1 drivers
v0x7fffb90f0720_0 .net *"_s2", 0 0, L_0x7fffb90f11a0;  1 drivers
v0x7fffb90f0800_0 .net *"_s4", 0 0, L_0x7fffb90f12b0;  1 drivers
v0x7fffb90f08c0_0 .net "a", 0 0, v0x7fffb90f0c90_0;  1 drivers
v0x7fffb90f0980_0 .net "b", 0 0, v0x7fffb90f0d50_0;  1 drivers
v0x7fffb90f0a90_0 .net "out", 0 0, L_0x7fffb90f1370;  alias, 1 drivers
v0x7fffb90f0b50_0 .net "s", 0 0, v0x7fffb90f0fc0_0;  1 drivers
    .scope S_0x7fffb90a7030;
T_0 ;
    %vpi_call 2 9 "$monitor", "%6d: a=%b, b=%b, sel=%b, out=%b", $time, v0x7fffb90f0c90_0, v0x7fffb90f0d50_0, v0x7fffb90f0fc0_0, v0x7fffb90f0ef0_0 {0 0 0};
    %pushi/vec4 0, 0, 32;
    %store/vec4 v0x7fffb90f0e20_0, 0, 32;
T_0.0 ;
    %load/vec4 v0x7fffb90f0e20_0;
    %cmpi/s 8, 0, 32;
    %jmp/0xz T_0.1, 5;
    %load/vec4 v0x7fffb90f0e20_0;
    %parti/s 1, 0, 2;
    %store/vec4 v0x7fffb90f0fc0_0, 0, 1;
    %load/vec4 v0x7fffb90f0e20_0;
    %parti/s 1, 1, 2;
    %store/vec4 v0x7fffb90f0d50_0, 0, 1;
    %load/vec4 v0x7fffb90f0e20_0;
    %parti/s 1, 2, 3;
    %store/vec4 v0x7fffb90f0c90_0, 0, 1;
    %delay 1, 0;
    %load/vec4 v0x7fffb90f0fc0_0;
    %nor/r;
    %load/vec4 v0x7fffb90f0ef0_0;
    %load/vec4 v0x7fffb90f0c90_0;
    %cmp/e;
    %flag_get/vec4 4;
    %inv;
    %and;
    %flag_set/vec4 8;
    %load/vec4 v0x7fffb90f0fc0_0;
    %load/vec4 v0x7fffb90f0ef0_0;
    %load/vec4 v0x7fffb90f0d50_0;
    %cmp/e;
    %flag_get/vec4 4;
    %inv;
    %and;
    %flag_set/vec4 9;
    %flag_or 9, 8;
    %jmp/0xz  T_0.2, 9;
    %vpi_call 2 16 "$display", "ERROR wrong output!" {0 0 0};
T_0.2 ;
    %load/vec4 v0x7fffb90f0e20_0;
    %addi 1, 0, 32;
    %store/vec4 v0x7fffb90f0e20_0, 0, 32;
    %jmp T_0.0;
T_0.1 ;
    %vpi_call 2 18 "$finish" {0 0 0};
    %end;
    .thread T_0;
# The file index is used to find the file name in the following table.
:file_names 4;
    "N/A";
    "<interactive>";
    "lab4-q3.v";
    "lab4-q3fixed.v";
