#! /usr/bin/vvp
:ivl_version "10.3 (stable)";
:ivl_delay_selection "TYPICAL";
:vpi_time_precision + 0;
:vpi_module "system";
:vpi_module "vhdl_sys";
:vpi_module "v2005_math";
:vpi_module "va_math";
S_0x7fffde6b00d0 .scope module, "buttonHexEncode" "buttonHexEncode" 2 1;
 .timescale 0 0;
    .port_info 0 /INPUT 16 "sw"
    .port_info 1 /INPUT 4 "btn"
    .port_info 2 /OUTPUT 8 "D1_seg"
    .port_info 3 /OUTPUT 4 "D1_a"
    .port_info 4 /OUTPUT 4 "D0_a"
L_0x7fd427490018 .functor BUFT 1, C4<1111>, C4<0>, C4<0>, C4<0>;
v0x7fffde6b02d0_0 .net "D0_a", 3 0, L_0x7fd427490018;  1 drivers
v0x7fffde70a960_0 .var "D1_a", 3 0;
v0x7fffde70aa40_0 .var "D1_seg", 7 0;
o0x7fd4274e00a8 .functor BUFZ 4, C4<zzzz>; HiZ drive
v0x7fffde70ab00_0 .net "btn", 3 0, o0x7fd4274e00a8;  0 drivers
o0x7fd4274e00d8 .functor BUFZ 16, C4<zzzzzzzzzzzzzzzz>; HiZ drive
v0x7fffde70abe0_0 .net "sw", 15 0, o0x7fd4274e00d8;  0 drivers
E_0x7fffde6e54c0 .event edge, v0x7fffde70ab00_0, v0x7fffde70abe0_0;
    .scope S_0x7fffde6b00d0;
T_0 ;
    %wait E_0x7fffde6e54c0;
    %load/vec4 v0x7fffde70ab00_0;
    %parti/s 1, 3, 3;
    %pad/u 32;
    %cmpi/e 1, 0, 32;
    %jmp/0xz  T_0.0, 4;
    %pushi/vec4 7, 0, 4;
    %store/vec4 v0x7fffde70a960_0, 0, 4;
    %load/vec4 v0x7fffde70abe0_0;
    %parti/s 4, 12, 5;
    %dup/vec4;
    %pushi/vec4 0, 0, 4;
    %cmp/u;
    %jmp/1 T_0.2, 6;
    %dup/vec4;
    %pushi/vec4 1, 0, 4;
    %cmp/u;
    %jmp/1 T_0.3, 6;
    %dup/vec4;
    %pushi/vec4 2, 0, 4;
    %cmp/u;
    %jmp/1 T_0.4, 6;
    %dup/vec4;
    %pushi/vec4 3, 0, 4;
    %cmp/u;
    %jmp/1 T_0.5, 6;
    %dup/vec4;
    %pushi/vec4 4, 0, 4;
    %cmp/u;
    %jmp/1 T_0.6, 6;
    %dup/vec4;
    %pushi/vec4 5, 0, 4;
    %cmp/u;
    %jmp/1 T_0.7, 6;
    %dup/vec4;
    %pushi/vec4 6, 0, 4;
    %cmp/u;
    %jmp/1 T_0.8, 6;
    %dup/vec4;
    %pushi/vec4 7, 0, 4;
    %cmp/u;
    %jmp/1 T_0.9, 6;
    %dup/vec4;
    %pushi/vec4 8, 0, 4;
    %cmp/u;
    %jmp/1 T_0.10, 6;
    %dup/vec4;
    %pushi/vec4 9, 0, 4;
    %cmp/u;
    %jmp/1 T_0.11, 6;
    %dup/vec4;
    %pushi/vec4 10, 0, 4;
    %cmp/u;
    %jmp/1 T_0.12, 6;
    %dup/vec4;
    %pushi/vec4 11, 0, 4;
    %cmp/u;
    %jmp/1 T_0.13, 6;
    %dup/vec4;
    %pushi/vec4 12, 0, 4;
    %cmp/u;
    %jmp/1 T_0.14, 6;
    %dup/vec4;
    %pushi/vec4 13, 0, 4;
    %cmp/u;
    %jmp/1 T_0.15, 6;
    %dup/vec4;
    %pushi/vec4 14, 0, 4;
    %cmp/u;
    %jmp/1 T_0.16, 6;
    %dup/vec4;
    %pushi/vec4 15, 0, 4;
    %cmp/u;
    %jmp/1 T_0.17, 6;
    %jmp T_0.18;
T_0.2 ;
    %pushi/vec4 192, 0, 8;
    %store/vec4 v0x7fffde70aa40_0, 0, 8;
    %jmp T_0.18;
T_0.3 ;
    %pushi/vec4 249, 0, 8;
    %store/vec4 v0x7fffde70aa40_0, 0, 8;
    %jmp T_0.18;
T_0.4 ;
    %pushi/vec4 164, 0, 8;
    %store/vec4 v0x7fffde70aa40_0, 0, 8;
    %jmp T_0.18;
T_0.5 ;
    %pushi/vec4 176, 0, 8;
    %store/vec4 v0x7fffde70aa40_0, 0, 8;
    %jmp T_0.18;
T_0.6 ;
    %pushi/vec4 153, 0, 8;
    %store/vec4 v0x7fffde70aa40_0, 0, 8;
    %jmp T_0.18;
T_0.7 ;
    %pushi/vec4 146, 0, 8;
    %store/vec4 v0x7fffde70aa40_0, 0, 8;
    %jmp T_0.18;
T_0.8 ;
    %pushi/vec4 130, 0, 8;
    %store/vec4 v0x7fffde70aa40_0, 0, 8;
    %jmp T_0.18;
T_0.9 ;
    %pushi/vec4 248, 0, 8;
    %store/vec4 v0x7fffde70aa40_0, 0, 8;
    %jmp T_0.18;
T_0.10 ;
    %pushi/vec4 128, 0, 8;
    %store/vec4 v0x7fffde70aa40_0, 0, 8;
    %jmp T_0.18;
T_0.11 ;
    %pushi/vec4 144, 0, 8;
    %store/vec4 v0x7fffde70aa40_0, 0, 8;
    %jmp T_0.18;
T_0.12 ;
    %pushi/vec4 136, 0, 8;
    %store/vec4 v0x7fffde70aa40_0, 0, 8;
    %jmp T_0.18;
T_0.13 ;
    %pushi/vec4 131, 0, 8;
    %store/vec4 v0x7fffde70aa40_0, 0, 8;
    %jmp T_0.18;
T_0.14 ;
    %pushi/vec4 198, 0, 8;
    %store/vec4 v0x7fffde70aa40_0, 0, 8;
    %jmp T_0.18;
T_0.15 ;
    %pushi/vec4 161, 0, 8;
    %store/vec4 v0x7fffde70aa40_0, 0, 8;
    %jmp T_0.18;
T_0.16 ;
    %pushi/vec4 134, 0, 8;
    %store/vec4 v0x7fffde70aa40_0, 0, 8;
    %jmp T_0.18;
T_0.17 ;
    %pushi/vec4 142, 0, 8;
    %store/vec4 v0x7fffde70aa40_0, 0, 8;
    %jmp T_0.18;
T_0.18 ;
    %pop/vec4 1;
    %jmp T_0.1;
T_0.0 ;
    %load/vec4 v0x7fffde70ab00_0;
    %parti/s 1, 2, 3;
    %pad/u 32;
    %pushi/vec4 1, 0, 32;
    %cmp/e;
    %flag_get/vec4 4;
    %load/vec4 v0x7fffde70ab00_0;
    %parti/s 1, 3, 3;
    %pad/u 32;
    %pushi/vec4 0, 0, 32;
    %cmp/e;
    %flag_get/vec4 4;
    %and;
    %flag_set/vec4 8;
    %jmp/0xz  T_0.19, 8;
    %pushi/vec4 11, 0, 4;
    %store/vec4 v0x7fffde70a960_0, 0, 4;
    %load/vec4 v0x7fffde70abe0_0;
    %parti/s 4, 8, 5;
    %dup/vec4;
    %pushi/vec4 0, 0, 4;
    %cmp/u;
    %jmp/1 T_0.21, 6;
    %dup/vec4;
    %pushi/vec4 1, 0, 4;
    %cmp/u;
    %jmp/1 T_0.22, 6;
    %dup/vec4;
    %pushi/vec4 2, 0, 4;
    %cmp/u;
    %jmp/1 T_0.23, 6;
    %dup/vec4;
    %pushi/vec4 3, 0, 4;
    %cmp/u;
    %jmp/1 T_0.24, 6;
    %dup/vec4;
    %pushi/vec4 4, 0, 4;
    %cmp/u;
    %jmp/1 T_0.25, 6;
    %dup/vec4;
    %pushi/vec4 5, 0, 4;
    %cmp/u;
    %jmp/1 T_0.26, 6;
    %dup/vec4;
    %pushi/vec4 6, 0, 4;
    %cmp/u;
    %jmp/1 T_0.27, 6;
    %dup/vec4;
    %pushi/vec4 7, 0, 4;
    %cmp/u;
    %jmp/1 T_0.28, 6;
    %dup/vec4;
    %pushi/vec4 8, 0, 4;
    %cmp/u;
    %jmp/1 T_0.29, 6;
    %dup/vec4;
    %pushi/vec4 9, 0, 4;
    %cmp/u;
    %jmp/1 T_0.30, 6;
    %dup/vec4;
    %pushi/vec4 10, 0, 4;
    %cmp/u;
    %jmp/1 T_0.31, 6;
    %dup/vec4;
    %pushi/vec4 11, 0, 4;
    %cmp/u;
    %jmp/1 T_0.32, 6;
    %dup/vec4;
    %pushi/vec4 12, 0, 4;
    %cmp/u;
    %jmp/1 T_0.33, 6;
    %dup/vec4;
    %pushi/vec4 13, 0, 4;
    %cmp/u;
    %jmp/1 T_0.34, 6;
    %dup/vec4;
    %pushi/vec4 14, 0, 4;
    %cmp/u;
    %jmp/1 T_0.35, 6;
    %dup/vec4;
    %pushi/vec4 15, 0, 4;
    %cmp/u;
    %jmp/1 T_0.36, 6;
    %jmp T_0.37;
T_0.21 ;
    %pushi/vec4 192, 0, 8;
    %store/vec4 v0x7fffde70aa40_0, 0, 8;
    %jmp T_0.37;
T_0.22 ;
    %pushi/vec4 249, 0, 8;
    %store/vec4 v0x7fffde70aa40_0, 0, 8;
    %jmp T_0.37;
T_0.23 ;
    %pushi/vec4 164, 0, 8;
    %store/vec4 v0x7fffde70aa40_0, 0, 8;
    %jmp T_0.37;
T_0.24 ;
    %pushi/vec4 176, 0, 8;
    %store/vec4 v0x7fffde70aa40_0, 0, 8;
    %jmp T_0.37;
T_0.25 ;
    %pushi/vec4 153, 0, 8;
    %store/vec4 v0x7fffde70aa40_0, 0, 8;
    %jmp T_0.37;
T_0.26 ;
    %pushi/vec4 146, 0, 8;
    %store/vec4 v0x7fffde70aa40_0, 0, 8;
    %jmp T_0.37;
T_0.27 ;
    %pushi/vec4 130, 0, 8;
    %store/vec4 v0x7fffde70aa40_0, 0, 8;
    %jmp T_0.37;
T_0.28 ;
    %pushi/vec4 248, 0, 8;
    %store/vec4 v0x7fffde70aa40_0, 0, 8;
    %jmp T_0.37;
T_0.29 ;
    %pushi/vec4 128, 0, 8;
    %store/vec4 v0x7fffde70aa40_0, 0, 8;
    %jmp T_0.37;
T_0.30 ;
    %pushi/vec4 144, 0, 8;
    %store/vec4 v0x7fffde70aa40_0, 0, 8;
    %jmp T_0.37;
T_0.31 ;
    %pushi/vec4 136, 0, 8;
    %store/vec4 v0x7fffde70aa40_0, 0, 8;
    %jmp T_0.37;
T_0.32 ;
    %pushi/vec4 131, 0, 8;
    %store/vec4 v0x7fffde70aa40_0, 0, 8;
    %jmp T_0.37;
T_0.33 ;
    %pushi/vec4 198, 0, 8;
    %store/vec4 v0x7fffde70aa40_0, 0, 8;
    %jmp T_0.37;
T_0.34 ;
    %pushi/vec4 161, 0, 8;
    %store/vec4 v0x7fffde70aa40_0, 0, 8;
    %jmp T_0.37;
T_0.35 ;
    %pushi/vec4 134, 0, 8;
    %store/vec4 v0x7fffde70aa40_0, 0, 8;
    %jmp T_0.37;
T_0.36 ;
    %pushi/vec4 142, 0, 8;
    %store/vec4 v0x7fffde70aa40_0, 0, 8;
    %jmp T_0.37;
T_0.37 ;
    %pop/vec4 1;
    %jmp T_0.20;
T_0.19 ;
    %load/vec4 v0x7fffde70ab00_0;
    %parti/s 1, 1, 2;
    %pad/u 32;
    %pushi/vec4 1, 0, 32;
    %cmp/e;
    %flag_get/vec4 4;
    %load/vec4 v0x7fffde70ab00_0;
    %parti/s 1, 2, 3;
    %pad/u 32;
    %pushi/vec4 0, 0, 32;
    %cmp/e;
    %flag_get/vec4 4;
    %and;
    %load/vec4 v0x7fffde70ab00_0;
    %parti/s 1, 3, 3;
    %pad/u 32;
    %pushi/vec4 0, 0, 32;
    %cmp/e;
    %flag_get/vec4 4;
    %and;
    %flag_set/vec4 8;
    %jmp/0xz  T_0.38, 8;
    %pushi/vec4 13, 0, 4;
    %store/vec4 v0x7fffde70a960_0, 0, 4;
    %load/vec4 v0x7fffde70abe0_0;
    %parti/s 4, 4, 4;
    %dup/vec4;
    %pushi/vec4 0, 0, 4;
    %cmp/u;
    %jmp/1 T_0.40, 6;
    %dup/vec4;
    %pushi/vec4 1, 0, 4;
    %cmp/u;
    %jmp/1 T_0.41, 6;
    %dup/vec4;
    %pushi/vec4 2, 0, 4;
    %cmp/u;
    %jmp/1 T_0.42, 6;
    %dup/vec4;
    %pushi/vec4 3, 0, 4;
    %cmp/u;
    %jmp/1 T_0.43, 6;
    %dup/vec4;
    %pushi/vec4 4, 0, 4;
    %cmp/u;
    %jmp/1 T_0.44, 6;
    %dup/vec4;
    %pushi/vec4 5, 0, 4;
    %cmp/u;
    %jmp/1 T_0.45, 6;
    %dup/vec4;
    %pushi/vec4 6, 0, 4;
    %cmp/u;
    %jmp/1 T_0.46, 6;
    %dup/vec4;
    %pushi/vec4 7, 0, 4;
    %cmp/u;
    %jmp/1 T_0.47, 6;
    %dup/vec4;
    %pushi/vec4 8, 0, 4;
    %cmp/u;
    %jmp/1 T_0.48, 6;
    %dup/vec4;
    %pushi/vec4 9, 0, 4;
    %cmp/u;
    %jmp/1 T_0.49, 6;
    %dup/vec4;
    %pushi/vec4 10, 0, 4;
    %cmp/u;
    %jmp/1 T_0.50, 6;
    %dup/vec4;
    %pushi/vec4 11, 0, 4;
    %cmp/u;
    %jmp/1 T_0.51, 6;
    %dup/vec4;
    %pushi/vec4 12, 0, 4;
    %cmp/u;
    %jmp/1 T_0.52, 6;
    %dup/vec4;
    %pushi/vec4 13, 0, 4;
    %cmp/u;
    %jmp/1 T_0.53, 6;
    %dup/vec4;
    %pushi/vec4 14, 0, 4;
    %cmp/u;
    %jmp/1 T_0.54, 6;
    %dup/vec4;
    %pushi/vec4 15, 0, 4;
    %cmp/u;
    %jmp/1 T_0.55, 6;
    %jmp T_0.56;
T_0.40 ;
    %pushi/vec4 192, 0, 8;
    %store/vec4 v0x7fffde70aa40_0, 0, 8;
    %jmp T_0.56;
T_0.41 ;
    %pushi/vec4 249, 0, 8;
    %store/vec4 v0x7fffde70aa40_0, 0, 8;
    %jmp T_0.56;
T_0.42 ;
    %pushi/vec4 164, 0, 8;
    %store/vec4 v0x7fffde70aa40_0, 0, 8;
    %jmp T_0.56;
T_0.43 ;
    %pushi/vec4 176, 0, 8;
    %store/vec4 v0x7fffde70aa40_0, 0, 8;
    %jmp T_0.56;
T_0.44 ;
    %pushi/vec4 153, 0, 8;
    %store/vec4 v0x7fffde70aa40_0, 0, 8;
    %jmp T_0.56;
T_0.45 ;
    %pushi/vec4 146, 0, 8;
    %store/vec4 v0x7fffde70aa40_0, 0, 8;
    %jmp T_0.56;
T_0.46 ;
    %pushi/vec4 130, 0, 8;
    %store/vec4 v0x7fffde70aa40_0, 0, 8;
    %jmp T_0.56;
T_0.47 ;
    %pushi/vec4 248, 0, 8;
    %store/vec4 v0x7fffde70aa40_0, 0, 8;
    %jmp T_0.56;
T_0.48 ;
    %pushi/vec4 128, 0, 8;
    %store/vec4 v0x7fffde70aa40_0, 0, 8;
    %jmp T_0.56;
T_0.49 ;
    %pushi/vec4 144, 0, 8;
    %store/vec4 v0x7fffde70aa40_0, 0, 8;
    %jmp T_0.56;
T_0.50 ;
    %pushi/vec4 136, 0, 8;
    %store/vec4 v0x7fffde70aa40_0, 0, 8;
    %jmp T_0.56;
T_0.51 ;
    %pushi/vec4 131, 0, 8;
    %store/vec4 v0x7fffde70aa40_0, 0, 8;
    %jmp T_0.56;
T_0.52 ;
    %pushi/vec4 198, 0, 8;
    %store/vec4 v0x7fffde70aa40_0, 0, 8;
    %jmp T_0.56;
T_0.53 ;
    %pushi/vec4 161, 0, 8;
    %store/vec4 v0x7fffde70aa40_0, 0, 8;
    %jmp T_0.56;
T_0.54 ;
    %pushi/vec4 134, 0, 8;
    %store/vec4 v0x7fffde70aa40_0, 0, 8;
    %jmp T_0.56;
T_0.55 ;
    %pushi/vec4 142, 0, 8;
    %store/vec4 v0x7fffde70aa40_0, 0, 8;
    %jmp T_0.56;
T_0.56 ;
    %pop/vec4 1;
    %jmp T_0.39;
T_0.38 ;
    %load/vec4 v0x7fffde70ab00_0;
    %parti/s 1, 0, 2;
    %pad/u 32;
    %pushi/vec4 1, 0, 32;
    %cmp/e;
    %flag_get/vec4 4;
    %load/vec4 v0x7fffde70ab00_0;
    %parti/s 1, 1, 2;
    %pad/u 32;
    %pushi/vec4 0, 0, 32;
    %cmp/e;
    %flag_get/vec4 4;
    %and;
    %load/vec4 v0x7fffde70ab00_0;
    %parti/s 1, 2, 3;
    %pad/u 32;
    %pushi/vec4 0, 0, 32;
    %cmp/e;
    %flag_get/vec4 4;
    %and;
    %load/vec4 v0x7fffde70ab00_0;
    %parti/s 1, 3, 3;
    %pad/u 32;
    %pushi/vec4 0, 0, 32;
    %cmp/e;
    %flag_get/vec4 4;
    %and;
    %flag_set/vec4 8;
    %jmp/0xz  T_0.57, 8;
    %pushi/vec4 14, 0, 4;
    %store/vec4 v0x7fffde70a960_0, 0, 4;
    %load/vec4 v0x7fffde70abe0_0;
    %parti/s 4, 0, 2;
    %dup/vec4;
    %pushi/vec4 0, 0, 4;
    %cmp/u;
    %jmp/1 T_0.59, 6;
    %dup/vec4;
    %pushi/vec4 1, 0, 4;
    %cmp/u;
    %jmp/1 T_0.60, 6;
    %dup/vec4;
    %pushi/vec4 2, 0, 4;
    %cmp/u;
    %jmp/1 T_0.61, 6;
    %dup/vec4;
    %pushi/vec4 3, 0, 4;
    %cmp/u;
    %jmp/1 T_0.62, 6;
    %dup/vec4;
    %pushi/vec4 4, 0, 4;
    %cmp/u;
    %jmp/1 T_0.63, 6;
    %dup/vec4;
    %pushi/vec4 5, 0, 4;
    %cmp/u;
    %jmp/1 T_0.64, 6;
    %dup/vec4;
    %pushi/vec4 6, 0, 4;
    %cmp/u;
    %jmp/1 T_0.65, 6;
    %dup/vec4;
    %pushi/vec4 7, 0, 4;
    %cmp/u;
    %jmp/1 T_0.66, 6;
    %dup/vec4;
    %pushi/vec4 8, 0, 4;
    %cmp/u;
    %jmp/1 T_0.67, 6;
    %dup/vec4;
    %pushi/vec4 9, 0, 4;
    %cmp/u;
    %jmp/1 T_0.68, 6;
    %dup/vec4;
    %pushi/vec4 10, 0, 4;
    %cmp/u;
    %jmp/1 T_0.69, 6;
    %dup/vec4;
    %pushi/vec4 11, 0, 4;
    %cmp/u;
    %jmp/1 T_0.70, 6;
    %dup/vec4;
    %pushi/vec4 12, 0, 4;
    %cmp/u;
    %jmp/1 T_0.71, 6;
    %dup/vec4;
    %pushi/vec4 13, 0, 4;
    %cmp/u;
    %jmp/1 T_0.72, 6;
    %dup/vec4;
    %pushi/vec4 14, 0, 4;
    %cmp/u;
    %jmp/1 T_0.73, 6;
    %dup/vec4;
    %pushi/vec4 15, 0, 4;
    %cmp/u;
    %jmp/1 T_0.74, 6;
    %jmp T_0.75;
T_0.59 ;
    %pushi/vec4 192, 0, 8;
    %store/vec4 v0x7fffde70aa40_0, 0, 8;
    %jmp T_0.75;
T_0.60 ;
    %pushi/vec4 249, 0, 8;
    %store/vec4 v0x7fffde70aa40_0, 0, 8;
    %jmp T_0.75;
T_0.61 ;
    %pushi/vec4 164, 0, 8;
    %store/vec4 v0x7fffde70aa40_0, 0, 8;
    %jmp T_0.75;
T_0.62 ;
    %pushi/vec4 176, 0, 8;
    %store/vec4 v0x7fffde70aa40_0, 0, 8;
    %jmp T_0.75;
T_0.63 ;
    %pushi/vec4 153, 0, 8;
    %store/vec4 v0x7fffde70aa40_0, 0, 8;
    %jmp T_0.75;
T_0.64 ;
    %pushi/vec4 146, 0, 8;
    %store/vec4 v0x7fffde70aa40_0, 0, 8;
    %jmp T_0.75;
T_0.65 ;
    %pushi/vec4 130, 0, 8;
    %store/vec4 v0x7fffde70aa40_0, 0, 8;
    %jmp T_0.75;
T_0.66 ;
    %pushi/vec4 248, 0, 8;
    %store/vec4 v0x7fffde70aa40_0, 0, 8;
    %jmp T_0.75;
T_0.67 ;
    %pushi/vec4 128, 0, 8;
    %store/vec4 v0x7fffde70aa40_0, 0, 8;
    %jmp T_0.75;
T_0.68 ;
    %pushi/vec4 144, 0, 8;
    %store/vec4 v0x7fffde70aa40_0, 0, 8;
    %jmp T_0.75;
T_0.69 ;
    %pushi/vec4 136, 0, 8;
    %store/vec4 v0x7fffde70aa40_0, 0, 8;
    %jmp T_0.75;
T_0.70 ;
    %pushi/vec4 131, 0, 8;
    %store/vec4 v0x7fffde70aa40_0, 0, 8;
    %jmp T_0.75;
T_0.71 ;
    %pushi/vec4 198, 0, 8;
    %store/vec4 v0x7fffde70aa40_0, 0, 8;
    %jmp T_0.75;
T_0.72 ;
    %pushi/vec4 161, 0, 8;
    %store/vec4 v0x7fffde70aa40_0, 0, 8;
    %jmp T_0.75;
T_0.73 ;
    %pushi/vec4 134, 0, 8;
    %store/vec4 v0x7fffde70aa40_0, 0, 8;
    %jmp T_0.75;
T_0.74 ;
    %pushi/vec4 142, 0, 8;
    %store/vec4 v0x7fffde70aa40_0, 0, 8;
    %jmp T_0.75;
T_0.75 ;
    %pop/vec4 1;
    %jmp T_0.58;
T_0.57 ;
    %pushi/vec4 15, 0, 4;
    %store/vec4 v0x7fffde70a960_0, 0, 4;
T_0.58 ;
T_0.39 ;
T_0.20 ;
T_0.1 ;
    %jmp T_0;
    .thread T_0, $push;
# The file index is used to find the file name in the following table.
:file_names 3;
    "N/A";
    "<interactive>";
    "q3.v";
