#! /usr/bin/vvp
:ivl_version "10.3 (stable)";
:ivl_delay_selection "TYPICAL";
:vpi_time_precision + 0;
:vpi_module "system";
:vpi_module "vhdl_sys";
:vpi_module "v2005_math";
:vpi_module "va_math";
S_0x7fffc16230d0 .scope module, "negate" "negate" 2 1;
 .timescale 0 0;
    .port_info 0 /INPUT 4 "in"
    .port_info 1 /OUTPUT 4 "out"
v0x7fffc1623250_0 .var/i "i", 31 0;
o0x7f2cbdb20048 .functor BUFZ 4, C4<zzzz>; HiZ drive
v0x7fffc1666db0_0 .net "in", 3 0, o0x7f2cbdb20048;  0 drivers
v0x7fffc1666e90_0 .var "out", 3 0;
E_0x7fffc16584f0 .event edge, v0x7fffc1623250_0, v0x7fffc1666db0_0;
    .scope S_0x7fffc16230d0;
T_0 ;
    %wait E_0x7fffc16584f0;
    %pushi/vec4 0, 0, 32;
    %store/vec4 v0x7fffc1623250_0, 0, 32;
T_0.0 ;
    %load/vec4 v0x7fffc1623250_0;
    %cmpi/s 4, 0, 32;
    %jmp/0xz T_0.1, 5;
    %load/vec4 v0x7fffc1666db0_0;
    %load/vec4 v0x7fffc1623250_0;
    %part/s 1;
    %pad/u 32;
    %cmpi/e 1, 0, 32;
    %jmp/0xz  T_0.2, 4;
    %pushi/vec4 0, 0, 1;
    %ix/getv/s 4, v0x7fffc1623250_0;
    %store/vec4 v0x7fffc1666e90_0, 4, 1;
    %jmp T_0.3;
T_0.2 ;
    %pushi/vec4 1, 0, 1;
    %ix/getv/s 4, v0x7fffc1623250_0;
    %store/vec4 v0x7fffc1666e90_0, 4, 1;
T_0.3 ;
    %load/vec4 v0x7fffc1623250_0;
    %addi 1, 0, 32;
    %store/vec4 v0x7fffc1623250_0, 0, 32;
    %jmp T_0.0;
T_0.1 ;
    %jmp T_0;
    .thread T_0, $push;
# The file index is used to find the file name in the following table.
:file_names 3;
    "N/A";
    "<interactive>";
    "negate.v";
